Native Settings with Unity Export/build/outputs/logs/manifest-merger-debug-report.txt
-- Merging decision tree log ---
manifest
ADDED from src\main\AndroidManifest.xml:2:1-49:12
	package
		ADDED from src\main\AndroidManifest.xml:2:70-117
		INJECTED from src\main\AndroidManifest.xml
		INJECTED from src\main\AndroidManifest.xml
	android:versionName
		ADDED from src\main\AndroidManifest.xml:2:166-191
		INJECTED from src\main\AndroidManifest.xml
		INJECTED from src\main\AndroidManifest.xml
	android:versionCode
		ADDED from src\main\AndroidManifest.xml:2:192-215
		INJECTED from src\main\AndroidManifest.xml
		INJECTED from src\main\AndroidManifest.xml
	xmlns:android
		ADDED from src\main\AndroidManifest.xml:2:11-69
	android:installLocation
		ADDED from src\main\AndroidManifest.xml:2:216-256
	android:theme
		ADDED from src\main\AndroidManifest.xml:2:118-165
uses-sdk
ADDED from src\main\AndroidManifest.xml:3:3-72
	android:targetSdkVersion
		ADDED from src\main\AndroidManifest.xml:3:40-69
		INJECTED from src\main\AndroidManifest.xml
		INJECTED from src\main\AndroidManifest.xml
	android:minSdkVersion
		ADDED from src\main\AndroidManifest.xml:3:13-39
uses-feature#android.hardware.camera
ADDED from src\main\AndroidManifest.xml:4:3-58
	android:name
		ADDED from src\main\AndroidManifest.xml:4:17-55
supports-screens
ADDED from src\main\AndroidManifest.xml:5:3-163
	android:largeScreens
		ADDED from src\main\AndroidManifest.xml:5:78-105
	android:smallScreens
		ADDED from src\main\AndroidManifest.xml:5:21-48
	android:normalScreens
		ADDED from src\main\AndroidManifest.xml:5:49-77
	android:xlargeScreens
		ADDED from src\main\AndroidManifest.xml:5:106-134
	android:anyDensity
		ADDED from src\main\AndroidManifest.xml:5:135-160
uses-permission#android.permission.INTERNET
ADDED from src\main\AndroidManifest.xml:6:3-65
	android:name
		ADDED from src\main\AndroidManifest.xml:6:20-62
uses-permission#android.permission.CAMERA
ADDED from src\main\AndroidManifest.xml:7:3-63
	android:name
		ADDED from src\main\AndroidManifest.xml:7:20-60
uses-permission#android.permission.ACCESS_NETWORK_STATE
ADDED from src\main\AndroidManifest.xml:8:3-77
	android:name
		ADDED from src\main\AndroidManifest.xml:8:20-74
uses-permission#android.permission.WRITE_EXTERNAL_STORAGE
ADDED from src\main\AndroidManifest.xml:9:3-79
	android:name
		ADDED from src\main\AndroidManifest.xml:9:20-76
uses-permission#android.permission.NFC
ADDED from src\main\AndroidManifest.xml:13:3-14:21
	android:name
		ADDED from src\main\AndroidManifest.xml:13:20-57
uses-feature#android.hardware.nfc
ADDED from src\main\AndroidManifest.xml:15:3-18:18
	android:required
		ADDED from src\main\AndroidManifest.xml:17:7-30
	android:name
		ADDED from src\main\AndroidManifest.xml:16:7-42
application
ADDED from src\main\AndroidManifest.xml:21:3-42:17
	android:label
		ADDED from src\main\AndroidManifest.xml:21:50-82
	android:icon
		ADDED from src\main\AndroidManifest.xml:21:16-49
	android:banner
		ADDED from src\main\AndroidManifest.xml:21:164-201
	android:theme
		ADDED from src\main\AndroidManifest.xml:21:83-141
	android:isGame
		ADDED from src\main\AndroidManifest.xml:21:142-163
activity#com.denkwerk.nativesettingswithexport.UnityPlayerActivity
ADDED from src\main\AndroidManifest.xml:22:5-29:16
	android:screenOrientation
		ADDED from src\main\AndroidManifest.xml:22:48-86
	android:label
		ADDED from src\main\AndroidManifest.xml:22:15-47
	android:launchMode
		ADDED from src\main\AndroidManifest.xml:22:87-118
	android:configChanges
		ADDED from src\main\AndroidManifest.xml:22:119-292
	android:name
		ADDED from src\main\AndroidManifest.xml:22:293-365
intent-filter#android.intent.action.MAIN+android.intent.category.LAUNCHER
ADDED from src\main\AndroidManifest.xml:23:7-26:23
action#android.intent.action.MAIN
ADDED from src\main\AndroidManifest.xml:24:9-61
	android:name
		ADDED from src\main\AndroidManifest.xml:24:17-58
category#android.intent.category.LAUNCHER
ADDED from src\main\AndroidManifest.xml:25:9-69
	android:name
		ADDED from src\main\AndroidManifest.xml:25:19-66
meta-data#unityplayer.UnityActivity
ADDED from src\main\AndroidManifest.xml:27:7-82
	android:value
		ADDED from src\main\AndroidManifest.xml:27:59-79
	android:name
		ADDED from src\main\AndroidManifest.xml:27:18-58
meta-data#unityplayer.ForwardNativeEventsToDalvik
ADDED from src\main\AndroidManifest.xml:28:7-97
	android:value
		ADDED from src\main\AndroidManifest.xml:28:73-94
	android:name
		ADDED from src\main\AndroidManifest.xml:28:18-72
activity#com.unity3d.player.VideoPlayer
ADDED from src\main\AndroidManifest.xml:30:5-31:16
	android:screenOrientation
		ADDED from src\main\AndroidManifest.xml:30:94-130
	android:label
		ADDED from src\main\AndroidManifest.xml:30:61-93
	android:configChanges
		ADDED from src\main\AndroidManifest.xml:30:131-288
	android:name
		ADDED from src\main\AndroidManifest.xml:30:15-60
uses-library#com.ti.s3d
ADDED from src\main\AndroidManifest.xml:37:5-72
	android:required
		ADDED from src\main\AndroidManifest.xml:37:45-69
	android:name
		ADDED from src\main\AndroidManifest.xml:37:19-44
uses-library#com.osterhoutgroup.api.ext
ADDED from src\main\AndroidManifest.xml:41:5-88
	android:required
		ADDED from src\main\AndroidManifest.xml:41:61-85
	android:name
		ADDED from src\main\AndroidManifest.xml:41:19-60
uses-feature#0x00020000
ADDED from src\main\AndroidManifest.xml:43:3-52
	android:glEsVersion
		ADDED from src\main\AndroidManifest.xml:43:17-49
uses-feature#android.hardware.camera.autofocus
ADDED from src\main\AndroidManifest.xml:44:3-93
	android:required
		ADDED from src\main\AndroidManifest.xml:44:66-90
	android:name
		ADDED from src\main\AndroidManifest.xml:44:17-65
uses-feature#android.hardware.camera.front
ADDED from src\main\AndroidManifest.xml:45:3-89
	android:required
		ADDED from src\main\AndroidManifest.xml:45:62-86
	android:name
		ADDED from src\main\AndroidManifest.xml:45:17-61
uses-feature#android.hardware.touchscreen
ADDED from src\main\AndroidManifest.xml:46:3-88
	android:required
		ADDED from src\main\AndroidManifest.xml:46:61-85
	android:name
		ADDED from src\main\AndroidManifest.xml:46:17-60
uses-feature#android.hardware.touchscreen.multitouch
ADDED from src\main\AndroidManifest.xml:47:3-99
	android:required
		ADDED from src\main\AndroidManifest.xml:47:72-96
	android:name
		ADDED from src\main\AndroidManifest.xml:47:17-71
uses-feature#android.hardware.touchscreen.multitouch.distinct
ADDED from src\main\AndroidManifest.xml:48:3-108
	android:required
		ADDED from src\main\AndroidManifest.xml:48:81-105
	android:name
		ADDED from src\main\AndroidManifest.xml:48:17-80